Copyright 1986-2016 Xilinx, Inc. All Rights Reserved.
-------------------------------------------------------------------------------------------------------------------------------------
| Tool Version     : Vivado v.2016.4 (win64) Build 1756540 Mon Jan 23 19:11:23 MST 2017
| Date             : Sun Jun 18 16:51:02 2017
| Host             : Acer-PC running 64-bit Service Pack 1  (build 7601)
| Command          : report_power -file lab_6_power_routed.rpt -pb lab_6_power_summary_routed.pb -rpx lab_6_power_routed.rpx
| Design           : lab_6
| Device           : xc7a100tcsg324-1
| Design State     : routed
| Grade            : commercial
| Process          : typical
| Characterization : Production
-------------------------------------------------------------------------------------------------------------------------------------

Power Report

Table of Contents
-----------------
1. Summary
1.1 On-Chip Components
1.2 Power Supply Summary
1.3 Confidence Level
2. Settings
2.1 Environment
2.2 Clock Constraints
3. Detailed Reports
3.1 By Hierarchy

1. Summary
----------

+--------------------------+----------------------------------+
| Total On-Chip Power (W)  | 23.631 (Junction temp exceeded!) |
| Dynamic (W)              | 22.834                           |
| Device Static (W)        | 0.797                            |
| Effective TJA (C/W)      | 4.6                              |
| Max Ambient (C)          | 0.0                              |
| Junction Temperature (C) | 125.0                            |
| Confidence Level         | Low                              |
| Setting File             | ---                              |
| Simulation Activity File | ---                              |
| Design Nets Matched      | NA                               |
+--------------------------+----------------------------------+


1.1 On-Chip Components
----------------------

+----------------+-----------+----------+-----------+-----------------+
| On-Chip        | Power (W) | Used     | Available | Utilization (%) |
+----------------+-----------+----------+-----------+-----------------+
| Slice Logic    |     1.978 |     2256 |       --- |             --- |
|   LUT as Logic |     1.898 |     1070 |     63400 |            1.69 |
|   Register     |     0.046 |      777 |    126800 |            0.61 |
|   CARRY4       |     0.021 |       14 |     15850 |            0.09 |
|   BUFG         |     0.012 |        2 |        32 |            6.25 |
|   F7/F8 Muxes  |    <0.001 |        3 |     63400 |           <0.01 |
|   Others       |     0.000 |       57 |       --- |             --- |
| Signals        |     1.655 |     1422 |       --- |             --- |
| MMCM           |     4.565 |        1 |         6 |           16.67 |
| I/O            |    14.637 |       16 |       210 |            7.62 |
| Static Power   |     0.797 |          |           |                 |
| Total          |    23.631 |          |           |                 |
+----------------+-----------+----------+-----------+-----------------+


1.2 Power Supply Summary
------------------------

+-----------+-------------+-----------+-------------+------------+
| Source    | Voltage (V) | Total (A) | Dynamic (A) | Static (A) |
+-----------+-------------+-----------+-------------+------------+
| Vccint    |       1.000 |     4.226 |       3.663 |      0.563 |
| Vccaux    |       1.800 |     3.151 |       3.058 |      0.093 |
| Vcco33    |       3.300 |     4.146 |       4.142 |      0.004 |
| Vcco25    |       2.500 |     0.000 |       0.000 |      0.000 |
| Vcco18    |       1.800 |     0.000 |       0.000 |      0.000 |
| Vcco15    |       1.500 |     0.000 |       0.000 |      0.000 |
| Vcco135   |       1.350 |     0.000 |       0.000 |      0.000 |
| Vcco12    |       1.200 |     0.000 |       0.000 |      0.000 |
| Vccaux_io |       1.800 |     0.000 |       0.000 |      0.000 |
| Vccbram   |       1.000 |     0.018 |       0.000 |      0.018 |
| MGTAVcc   |       1.000 |     0.000 |       0.000 |      0.000 |
| MGTAVtt   |       1.200 |     0.000 |       0.000 |      0.000 |
| Vccadc    |       1.800 |     0.020 |       0.000 |      0.020 |
+-----------+-------------+-----------+-------------+------------+


1.3 Confidence Level
--------------------

+-----------------------------+------------+--------------------------------------------------------+--------------------------------------------------------------------------------------------------------------------+
| User Input Data             | Confidence | Details                                                | Action                                                                                                             |
+-----------------------------+------------+--------------------------------------------------------+--------------------------------------------------------------------------------------------------------------------+
| Design implementation state | High       | Design is routed                                       |                                                                                                                    |
| Clock nodes activity        | Low        | User specified less than 75% of clocks                 | Provide missing clock activity with a constraint file, simulation results or by editing the "By Clock Domain" view |
| I/O nodes activity          | Low        | More than 75% of inputs are missing user specification | Provide missing input activity with simulation results or by editing the "By Resource Type -> I/Os" view           |
| Internal nodes activity     | Medium     | User specified less than 25% of internal nodes         | Provide missing internal nodes activity with simulation results or by editing the "By Resource Type" views         |
| Device models               | High       | Device models are Production                           |                                                                                                                    |
|                             |            |                                                        |                                                                                                                    |
| Overall confidence level    | Low        |                                                        |                                                                                                                    |
+-----------------------------+------------+--------------------------------------------------------+--------------------------------------------------------------------------------------------------------------------+


2. Settings
-----------

2.1 Environment
---------------

+-----------------------+--------------------------+
| Ambient Temp (C)      | 25.0                     |
| ThetaJA (C/W)         | 4.6                      |
| Airflow (LFM)         | 250                      |
| Heat Sink             | medium (Medium Profile)  |
| ThetaSA (C/W)         | 4.6                      |
| Board Selection       | medium (10"x10")         |
| # of Board Layers     | 12to15 (12 to 15 Layers) |
| Board Temperature (C) | 25.0                     |
+-----------------------+--------------------------+


2.2 Clock Constraints
---------------------

+-------+--------+-----------------+
| Clock | Domain | Constraint (ns) |
+-------+--------+-----------------+


3. Detailed Reports
-------------------

3.1 By Hierarchy
----------------

+---------------------+-----------+
| Name                | Power (W) |
+---------------------+-----------+
| lab_6               |    22.834 |
|   inst              |     4.633 |
|     inst            |     4.633 |
|   m_driver          |     2.526 |
|   show_in_suma      |     0.080 |
|   show_ins0         |     0.065 |
|   show_ins1         |     0.072 |
|   show_ins2         |     0.058 |
|   show_ins3         |     0.065 |
|   show_ins4         |     0.009 |
|   show_ins5         |     0.010 |
|   show_ins6         |     0.009 |
|   show_ins7         |     0.010 |
|   show_ins8         |     0.003 |
|   show_ins9         |     0.005 |
|   show_ins_and      |     0.004 |
|   show_ins_mult     |     0.009 |
|   show_ins_or       |     0.009 |
|   show_ins_resta    |     0.058 |
|   show_insa         |     0.004 |
|   show_insb         |     0.004 |
|   show_insc         |     0.055 |
|   show_insd         |     0.059 |
|   show_inse         |     0.054 |
|   show_insf         |     0.052 |
|   show_one_line_ce  |     0.004 |
|   show_one_line_dec |     0.010 |
|   show_one_line_exe |     0.117 |
|   show_one_line_hex |     0.049 |
|   temp_res          |     0.062 |
|   template_1        |     0.106 |
+---------------------+-----------+


